<?xml version="1.0" encoding="UTF-8"?>
<testsuite name="com.mkdirjava.E2E" tests="3" skipped="0" failures="0" errors="0" timestamp="2025-01-19T17:58:46" hostname="36bcf6edee2e" time="18.324">
  <properties/>
  <testcase name="[1] TestDetails[id=1, nameInput=abcdefgh, expectedOutput=REDACTED, origional ABCDEFGH]" classname="com.mkdirjava.E2E" time="6.236"/>
  <testcase name="[2] TestDetails[id=2, nameInput=abc, expectedOutput=abc]" classname="com.mkdirjava.E2E" time="6.045"/>
  <testcase name="[3] TestDetails[id=3, nameInput=abcdefg, expectedOutput=ABCDEFG]" classname="com.mkdirjava.E2E" time="6.037"/>
  <system-out><![CDATA[]]></system-out>
  <system-err><![CDATA[]]></system-err>
</testsuite>
